0 info it worked if it ends with ok
1 verbose cli [ '/usr/bin/nodejs', '/usr/bin/npm', 'publish' ]
2 info using npm@4.1.2
3 info using node@v7.7.4
4 verbose publish [ '.' ]
5 silly cache add args [ '.', null ]
6 verbose cache add spec .
7 silly cache add parsed spec Result {
7 silly cache add   raw: '.',
7 silly cache add   scope: null,
7 silly cache add   escapedName: null,
7 silly cache add   name: null,
7 silly cache add   rawSpec: '.',
7 silly cache add   spec: '/home/shk/Documents/pholiday',
7 silly cache add   type: 'directory' }
8 verbose addLocalDirectory /home/shk/.npm/pholiday/0.1.2/package.tgz not in flight; packing
9 verbose correctMkdir /home/shk/.npm correctMkdir not in flight; initializing
10 info lifecycle pholiday@0.1.2~prepublish: pholiday@0.1.2
11 silly lifecycle pholiday@0.1.2~prepublish: no script for prepublish, continuing
12 info lifecycle pholiday@0.1.2~prepare: pholiday@0.1.2
13 silly lifecycle pholiday@0.1.2~prepare: no script for prepare, continuing
14 verbose tar pack [ '/home/shk/.npm/pholiday/0.1.2/package.tgz',
14 verbose tar pack   '/home/shk/Documents/pholiday' ]
15 verbose tarball /home/shk/.npm/pholiday/0.1.2/package.tgz
16 verbose folder /home/shk/Documents/pholiday
17 verbose addLocalTarball adding from inside cache /home/shk/.npm/pholiday/0.1.2/package.tgz
18 verbose correctMkdir /home/shk/.npm correctMkdir not in flight; initializing
19 silly cache afterAdd pholiday@0.1.2
20 verbose afterAdd /home/shk/.npm/pholiday/0.1.2/package/package.json not in flight; writing
21 verbose correctMkdir /home/shk/.npm correctMkdir not in flight; initializing
22 verbose afterAdd /home/shk/.npm/pholiday/0.1.2/package/package.json written
23 silly publish { name: 'pholiday',
23 silly publish   version: '0.1.2',
23 silly publish   description: 'a persian calendar holidays library for javascript',
23 silly publish   main: 'index.js',
23 silly publish   scripts: { test: 'echo "Error: no test specified" && exit 1' },
23 silly publish   repository:
23 silly publish    { type: 'git',
23 silly publish      url: 'git+https://github.com/shkarimpour/pholiday.git' },
23 silly publish   keywords:
23 silly publish    [ 'persian',
23 silly publish      'holiday',
23 silly publish      'jalaali',
23 silly publish      'jalali',
23 silly publish      'hijri',
23 silly publish      'calendar',
23 silly publish      'javascript',
23 silly publish      'nodejs',
23 silly publish      'api',
23 silly publish      'library',
23 silly publish      'farsi',
23 silly publish      'iran',
23 silly publish      'shamsi',
23 silly publish      'lunar',
23 silly publish      'solar' ],
23 silly publish   author: { name: 'shaahin karimpour' },
23 silly publish   license: 'MIT',
23 silly publish   bugs: { url: 'https://github.com/shkarimpour/pholiday/issues' },
23 silly publish   homepage: 'https://github.com/shkarimpour/pholiday#readme',
23 silly publish   dependencies: { 'moment-hijri': '^2.0.1', 'moment-jalaali': '^0.6.1' },
23 silly publish   readme: '# pholiday\nA persian calendar holidays library for **javascript** based on [**moment-jalaali**](https://github.com/jalaali/moment-jalaali).\n\n# installation\n```\n$ npm install pholiday\n```\n\nLibrary is based on **moment-jalaali** so it has all methods [**moment**](https://momentjs.com/) and [**moment-jalaali**](https://github.com/jalaali/moment-jalaali) has.\n\n# library specific methods\n\n## .isHoliday()\nCheck the selected date is holiday in Iran or not.\n```\nconst pholiday = require(\'pholiday\')\npholiday().isHoliday()\npholiday(\'1391/12/29\', \'jYYYY/jMM/jDD\').isHoliday() -> true\npholiday(\'2013-8-25 16:40:00\', \'YYYY-M-D HH:mm:ss\').endOf(\'jMonth\').isHoliday() -> false\n```\n\n## .events()\nGet the selected dates events in Iran calendar.\n```\nconst pholiday = require(\'pholiday\')\npholiday().events()\npholiday(\'2013-8-25 16:40:00\', \'YYYY-M-D HH:mm:ss\').endOf(\'jMonth\').events()\n-> [ { isHoliday: false,\n    event: \'گاهنبار پَتیَه‌شَهیم، جشن پایان تابستان\' } ]\n```',
23 silly publish   readmeFilename: 'README.md',
23 silly publish   gitHead: '077daebbb1ac905b966ecbecc68b289f4c76c2cd',
23 silly publish   _id: 'pholiday@0.1.2',
23 silly publish   _shasum: '2efc4edc7ff6f23ec4416bea04af984673e921a6',
23 silly publish   _from: '.' }
24 info lifecycle pholiday@0.1.2~prepublishOnly: pholiday@0.1.2
25 silly lifecycle pholiday@0.1.2~prepublishOnly: no script for prepublishOnly, continuing
26 verbose getPublishConfig undefined
27 silly mapToRegistry name pholiday
28 silly mapToRegistry using default registry
29 silly mapToRegistry registry https://registry.npmjs.org/
30 silly mapToRegistry data Result {
30 silly mapToRegistry   raw: 'pholiday',
30 silly mapToRegistry   scope: null,
30 silly mapToRegistry   escapedName: 'pholiday',
30 silly mapToRegistry   name: 'pholiday',
30 silly mapToRegistry   rawSpec: '',
30 silly mapToRegistry   spec: 'latest',
30 silly mapToRegistry   type: 'tag' }
31 silly mapToRegistry uri https://registry.npmjs.org/pholiday
32 verbose publish registryBase https://registry.npmjs.org/
33 silly publish uploading /home/shk/.npm/pholiday/0.1.2/package.tgz
34 verbose request uri https://registry.npmjs.org/pholiday
35 verbose request sending authorization for write operation
36 info attempt registry request try #1 at 6:04:24 PM
37 verbose request using bearer token for auth
38 verbose request id 33007b4c2e5f2da9
39 http request PUT https://registry.npmjs.org/pholiday
40 http 403 https://registry.npmjs.org/pholiday
41 verbose headers { 'content-type': 'application/json',
41 verbose headers   'cache-control': 'max-age=300',
41 verbose headers   'content-length': '95',
41 verbose headers   'accept-ranges': 'bytes',
41 verbose headers   date: 'Tue, 28 Mar 2017 13:34:26 GMT',
41 verbose headers   via: '1.1 varnish',
41 verbose headers   connection: 'keep-alive',
41 verbose headers   'x-served-by': 'cache-bma7028-BMA',
41 verbose headers   'x-cache': 'MISS',
41 verbose headers   'x-cache-hits': '0',
41 verbose headers   'x-timer': 'S1490708065.057844,VS0,VE1258',
41 verbose headers   vary: 'Accept-Encoding' }
42 verbose request invalidating /home/shk/.npm/registry.npmjs.org/pholiday on PUT
43 error publish Failed PUT 403
44 verbose stack Error: "You cannot publish over the previously published version 0.1.2." : pholiday
44 verbose stack     at makeError (/usr/lib/node_modules/npm/node_modules/npm-registry-client/lib/request.js:304:12)
44 verbose stack     at CachingRegistryClient.<anonymous> (/usr/lib/node_modules/npm/node_modules/npm-registry-client/lib/request.js:292:14)
44 verbose stack     at Request._callback (/usr/lib/node_modules/npm/node_modules/npm-registry-client/lib/request.js:212:14)
44 verbose stack     at Request.self.callback (/usr/lib/node_modules/npm/node_modules/request/request.js:186:22)
44 verbose stack     at emitTwo (events.js:106:13)
44 verbose stack     at Request.emit (events.js:194:7)
44 verbose stack     at Request.<anonymous> (/usr/lib/node_modules/npm/node_modules/request/request.js:1081:10)
44 verbose stack     at emitOne (events.js:96:13)
44 verbose stack     at Request.emit (events.js:191:7)
44 verbose stack     at IncomingMessage.<anonymous> (/usr/lib/node_modules/npm/node_modules/request/request.js:1001:12)
45 verbose statusCode 403
46 verbose pkgid pholiday
47 verbose cwd /home/shk/Documents/pholiday
48 error Linux 4.4.0-21-generic
49 error argv "/usr/bin/nodejs" "/usr/bin/npm" "publish"
50 error node v7.7.4
51 error npm  v4.1.2
52 error code E403
53 error "You cannot publish over the previously published version 0.1.2." : pholiday
54 error If you need help, you may report this error at:
54 error     <https://github.com/npm/npm/issues>
55 verbose exit [ 1, true ]
